c:\reading\teaching\courses\programming in c c++ (202223)\c++\mylectures\cs1pr-portfolio-master\cs1pr-portfolio-master\project\visual-studio\springprojectx\x64\debug\vc143.pdb
c:\reading\teaching\courses\programming in c c++ (202223)\c++\mylectures\cs1pr-portfolio-master\cs1pr-portfolio-master\project\visual-studio\springprojectx\x64\debug\vc143.idb
c:\reading\teaching\courses\programming in c c++ (202223)\c++\mylectures\cs1pr-portfolio-master\cs1pr-portfolio-master\project\visual-studio\springprojectx\x64\debug\util.obj
c:\reading\teaching\courses\programming in c c++ (202223)\c++\mylectures\cs1pr-portfolio-master\cs1pr-portfolio-master\project\visual-studio\springprojectx\x64\debug\textures.obj
c:\reading\teaching\courses\programming in c c++ (202223)\c++\mylectures\cs1pr-portfolio-master\cs1pr-portfolio-master\project\visual-studio\springprojectx\x64\debug\text.obj
c:\reading\teaching\courses\programming in c c++ (202223)\c++\mylectures\cs1pr-portfolio-master\cs1pr-portfolio-master\project\visual-studio\springprojectx\x64\debug\stage.obj
c:\reading\teaching\courses\programming in c c++ (202223)\c++\mylectures\cs1pr-portfolio-master\cs1pr-portfolio-master\project\visual-studio\springprojectx\x64\debug\sound.obj
c:\reading\teaching\courses\programming in c c++ (202223)\c++\mylectures\cs1pr-portfolio-master\cs1pr-portfolio-master\project\visual-studio\springprojectx\x64\debug\player.obj
c:\reading\teaching\courses\programming in c c++ (202223)\c++\mylectures\cs1pr-portfolio-master\cs1pr-portfolio-master\project\visual-studio\springprojectx\x64\debug\platform.obj
c:\reading\teaching\courses\programming in c c++ (202223)\c++\mylectures\cs1pr-portfolio-master\cs1pr-portfolio-master\project\visual-studio\springprojectx\x64\debug\pizza.obj
c:\reading\teaching\courses\programming in c c++ (202223)\c++\mylectures\cs1pr-portfolio-master\cs1pr-portfolio-master\project\visual-studio\springprojectx\x64\debug\map.obj
c:\reading\teaching\courses\programming in c c++ (202223)\c++\mylectures\cs1pr-portfolio-master\cs1pr-portfolio-master\project\visual-studio\springprojectx\x64\debug\io.obj
c:\reading\teaching\courses\programming in c c++ (202223)\c++\mylectures\cs1pr-portfolio-master\cs1pr-portfolio-master\project\visual-studio\springprojectx\x64\debug\input.obj
c:\reading\teaching\courses\programming in c c++ (202223)\c++\mylectures\cs1pr-portfolio-master\cs1pr-portfolio-master\project\visual-studio\springprojectx\x64\debug\init.obj
c:\reading\teaching\courses\programming in c c++ (202223)\c++\mylectures\cs1pr-portfolio-master\cs1pr-portfolio-master\project\visual-studio\springprojectx\x64\debug\entities.obj
c:\reading\teaching\courses\programming in c c++ (202223)\c++\mylectures\cs1pr-portfolio-master\cs1pr-portfolio-master\project\visual-studio\springprojectx\x64\debug\draw.obj
c:\reading\teaching\courses\programming in c c++ (202223)\c++\mylectures\cs1pr-portfolio-master\cs1pr-portfolio-master\project\visual-studio\springprojectx\x64\debug\camera.obj
c:\reading\teaching\courses\programming in c c++ (202223)\c++\mylectures\cs1pr-portfolio-master\cs1pr-portfolio-master\project\visual-studio\springprojectx\x64\debug\block.obj
c:\reading\teaching\courses\programming in c c++ (202223)\c++\mylectures\cs1pr-portfolio-master\cs1pr-portfolio-master\project\visual-studio\springprojectx\x64\debug\main.obj
c:\reading\teaching\courses\programming in c c++ (202223)\c++\mylectures\cs1pr-portfolio-master\cs1pr-portfolio-master\project\visual-studio\springprojectx\x64\debug\springproject.ilk
c:\reading\teaching\courses\programming in c c++ (202223)\c++\mylectures\cs1pr-portfolio-master\cs1pr-portfolio-master\project\visual-studio\springprojectx\x64\debug\springproject.exe
c:\reading\teaching\courses\programming in c c++ (202223)\c++\mylectures\cs1pr-portfolio-master\cs1pr-portfolio-master\project\visual-studio\springprojectx\x64\debug\springproject.pdb
c:\reading\teaching\courses\programming in c c++ (202223)\c++\mylectures\cs1pr-portfolio-master\cs1pr-portfolio-master\project\visual-studio\springprojectx\x64\debug\springproject.res
c:\reading\teaching\courses\programming in c c++ (202223)\c++\mylectures\cs1pr-portfolio-master\cs1pr-portfolio-master\project\visual-studio\springprojectx\x64\debug\springproject.tlog\cl.command.1.tlog
c:\reading\teaching\courses\programming in c c++ (202223)\c++\mylectures\cs1pr-portfolio-master\cs1pr-portfolio-master\project\visual-studio\springprojectx\x64\debug\springproject.tlog\cl.read.1.tlog
c:\reading\teaching\courses\programming in c c++ (202223)\c++\mylectures\cs1pr-portfolio-master\cs1pr-portfolio-master\project\visual-studio\springprojectx\x64\debug\springproject.tlog\cl.write.1.tlog
c:\reading\teaching\courses\programming in c c++ (202223)\c++\mylectures\cs1pr-portfolio-master\cs1pr-portfolio-master\project\visual-studio\springprojectx\x64\debug\springproject.tlog\link.command.1.tlog
c:\reading\teaching\courses\programming in c c++ (202223)\c++\mylectures\cs1pr-portfolio-master\cs1pr-portfolio-master\project\visual-studio\springprojectx\x64\debug\springproject.tlog\link.read.1.tlog
c:\reading\teaching\courses\programming in c c++ (202223)\c++\mylectures\cs1pr-portfolio-master\cs1pr-portfolio-master\project\visual-studio\springprojectx\x64\debug\springproject.tlog\link.write.1.tlog
c:\reading\teaching\courses\programming in c c++ (202223)\c++\mylectures\cs1pr-portfolio-master\cs1pr-portfolio-master\project\visual-studio\springprojectx\x64\debug\springproject.tlog\rc.command.1.tlog
c:\reading\teaching\courses\programming in c c++ (202223)\c++\mylectures\cs1pr-portfolio-master\cs1pr-portfolio-master\project\visual-studio\springprojectx\x64\debug\springproject.tlog\rc.read.1.tlog
c:\reading\teaching\courses\programming in c c++ (202223)\c++\mylectures\cs1pr-portfolio-master\cs1pr-portfolio-master\project\visual-studio\springprojectx\x64\debug\springproject.tlog\rc.write.1.tlog
